<?xml version="1.0" encoding="UTF-8"?>
<testng-results ignored="0" total="1" passed="1" failed="0" skipped="0">
  <reporter-output>
  </reporter-output>
  <suite started-at="2024-05-13T14:49:46 IST" name="Suite" finished-at="2024-05-13T14:50:07 IST" duration-ms="20909">
    <groups>
      <group name="cucumber">
        <method signature="AbstractTestNGCucumberTests.runScenario(io.cucumber.testng.PickleWrapper,io.cucumber.testng.FeatureWrapper)[pri:0, instance:runner.NewTest@5b218417]" name="runScenario" class="io.cucumber.testng.AbstractTestNGCucumberTests"/>
      </group> <!-- cucumber -->
    </groups>
    <test started-at="2024-05-13T14:49:46 IST" name="Test" finished-at="2024-05-13T14:50:07 IST" duration-ms="20909">
      <class name="runner.NewTest">
        <test-method is-config="true" signature="setUpClass(org.testng.ITestContext)[pri:0, instance:runner.NewTest@5b218417]" started-at="2024-05-13T14:49:46 IST" name="setUpClass" finished-at="2024-05-13T14:49:46 IST" duration-ms="584" status="PASS">
          <params>
            <param index="0">
              <value>
                <![CDATA[org.testng.TestRunner@56da7487]]>
              </value>
            </param>
          </params>
          <reporter-output>
          </reporter-output>
        </test-method> <!-- setUpClass -->
        <test-method signature="runScenario(io.cucumber.testng.PickleWrapper,io.cucumber.testng.FeatureWrapper)[pri:0, instance:runner.NewTest@5b218417]" started-at="2024-05-13T14:49:46 IST" name="runScenario" description="Runs Cucumber Scenarios" data-provider="scenarios" finished-at="2024-05-13T14:50:07 IST" duration-ms="20200" status="PASS">
          <params>
            <param index="0">
              <value>
                <![CDATA["Verifying the interactions"]]>
              </value>
            </param>
            <param index="1">
              <value>
                <![CDATA["Title of your feature"]]>
              </value>
            </param>
          </params>
          <reporter-output>
          </reporter-output>
        </test-method> <!-- runScenario -->
        <test-method is-config="true" signature="tearDownClass()[pri:0, instance:runner.NewTest@5b218417]" started-at="2024-05-13T14:50:07 IST" name="tearDownClass" finished-at="2024-05-13T14:50:07 IST" duration-ms="6" status="PASS">
          <reporter-output>
          </reporter-output>
        </test-method> <!-- tearDownClass -->
      </class> <!-- runner.NewTest -->
    </test> <!-- Test -->
  </suite> <!-- Suite -->
</testng-results>
