<?xml version="1.0" encoding="UTF-8"?>
<testng-results ignored="0" total="1" passed="1" failed="0" skipped="0">
  <reporter-output>
  </reporter-output>
  <suite started-at="2024-05-13T14:49:03 IST" name="Suite" finished-at="2024-05-13T14:49:25 IST" duration-ms="21414">
    <groups>
      <group name="cucumber">
        <method signature="AbstractTestNGCucumberTests.runScenario(io.cucumber.testng.PickleWrapper,io.cucumber.testng.FeatureWrapper)[pri:0, instance:runner.NewTest@25be7b63]" name="runScenario" class="io.cucumber.testng.AbstractTestNGCucumberTests"/>
      </group> <!-- cucumber -->
    </groups>
    <test started-at="2024-05-13T14:49:03 IST" name="Test" finished-at="2024-05-13T14:49:25 IST" duration-ms="21414">
      <class name="runner.NewTest">
        <test-method is-config="true" signature="setUpClass(org.testng.ITestContext)[pri:0, instance:runner.NewTest@25be7b63]" started-at="2024-05-13T14:49:03 IST" name="setUpClass" finished-at="2024-05-13T14:49:03 IST" duration-ms="245" status="PASS">
          <params>
            <param index="0">
              <value>
                <![CDATA[org.testng.TestRunner@51d387d3]]>
              </value>
            </param>
          </params>
          <reporter-output>
          </reporter-output>
        </test-method> <!-- setUpClass -->
        <test-method signature="runScenario(io.cucumber.testng.PickleWrapper,io.cucumber.testng.FeatureWrapper)[pri:0, instance:runner.NewTest@25be7b63]" started-at="2024-05-13T14:49:03 IST" name="runScenario" description="Runs Cucumber Scenarios" data-provider="scenarios" finished-at="2024-05-13T14:49:25 IST" duration-ms="21114" status="PASS">
          <params>
            <param index="0">
              <value>
                <![CDATA["Verifying the interactions"]]>
              </value>
            </param>
            <param index="1">
              <value>
                <![CDATA["Title of your feature"]]>
              </value>
            </param>
          </params>
          <reporter-output>
          </reporter-output>
        </test-method> <!-- runScenario -->
        <test-method is-config="true" signature="tearDownClass()[pri:0, instance:runner.NewTest@25be7b63]" started-at="2024-05-13T14:49:25 IST" name="tearDownClass" finished-at="2024-05-13T14:49:25 IST" duration-ms="1" status="PASS">
          <reporter-output>
          </reporter-output>
        </test-method> <!-- tearDownClass -->
      </class> <!-- runner.NewTest -->
    </test> <!-- Test -->
  </suite> <!-- Suite -->
</testng-results>
